2025-10-03 15:21:36,883 - INFO - HVDC EMAIL 폴더 전체 스캔 시작
2025-10-03 15:21:36,884 - INFO - EMAIL 폴더 스캔 시작: C:\Users\SAMSUNG\Documents\EMAIL
2025-10-03 15:21:36,885 - INFO - 폴더 스캔 중: ADNOC Logistics & Services
2025-10-03 15:21:38,594 - INFO - Outlook 파일 스킵: C:\Users\SAMSUNG\Documents\EMAIL\ADNOC Logistics & Services\FW E-invoice Submission For JOPETWIL 71-2025-03-20 오후 3_05_45\RE FW JOPETWIL 71 - Off hire summary  from  08 to 12.01.2025 (updated).msg
2025-10-03 15:21:38,613 - INFO - Outlook 파일 스킵: C:\Users\SAMSUNG\Documents\EMAIL\ADNOC Logistics & Services\FW E-invoice Submission For JOPETWIL 71-2025-03-20 오후 5_13_10\RE FW JOPETWIL 71 - Off hire summary  from  08 to 12.01.2025 (updated).msg
2025-10-03 15:21:39,650 - INFO - Outlook 파일 스킵: C:\Users\SAMSUNG\Documents\EMAIL\ADNOC Logistics & Services\RE (2) Request for PO for Sewage Tanker (September 2024 onwards)-2025-03-23 오후 1_31_30\RE(2) Request for PO for Sewage Tanker (September 2024 onwards) (467KB).msg
2025-10-03 15:21:39,934 - INFO - Outlook 파일 스킵: C:\Users\SAMSUNG\Documents\EMAIL\ADNOC Logistics & Services\RE ALS SCT MMT Meeting, AGI TRansformers  LCT options -2025-08-19 오후 12_32_06\RE ALS SCT MMT Meeting, AGI TRansformers  LCT options  (213KB).msg
2025-10-03 15:21:39,948 - INFO - Outlook 파일 스킵: C:\Users\SAMSUNG\Documents\EMAIL\ADNOC Logistics & Services\RE ALS SCT MMT Meeting, AGI TRansformers  LCT options -2025-08-19 오후 12_32_06\RE ALS SCT MMT Meeting, AGI TRansformers  LCT options  (402KB).msg
2025-10-03 15:21:40,992 - INFO - Outlook 파일 스킵: C:\Users\SAMSUNG\Documents\EMAIL\ADNOC Logistics & Services\RE E-invoice Submission 97293112 & 97293113_ April 23, 2025-2025-05-12 오후 1_18_53\RE Invoice cancellation - 97293113 - SO# 116027457 - Samsung C&T (114KB).msg
2025-10-03 15:21:41,241 - INFO - Outlook 파일 스킵: C:\Users\SAMSUNG\Documents\EMAIL\ADNOC Logistics & Services\RE E-invoice Submission For JOPETWIL 71-2025-03-24 오후 2_26_36\FW [External] RE RE E-invoice Submission For JOPETWIL 71 (1.04MB).msg
2025-10-03 15:21:42,930 - INFO - Outlook 파일 스킵: C:\Users\SAMSUNG\Documents\EMAIL\ADNOC Logistics & Services\RE Jopetwil 71 On Hire due on 14.07.2025 at 0900H-2025-08-13 오후 4_31_03\Re [External] RE ALS] Jopetwil 71 - Urgent Update Required – FEP & CEP P... (910KB).msg
2025-10-03 15:21:43,015 - INFO - Outlook 파일 스킵: C:\Users\SAMSUNG\Documents\EMAIL\ADNOC Logistics & Services\RE Jopetwil 71 On Hire due on 14.07.2025 at 0900H-2025-08-20 오후 3_38_09\Re [External] RE ALS] Jopetwil 71 - Urgent Update Required – FEP & CEP P... (910KB).msg
2025-10-03 15:21:43,074 - INFO - Outlook 파일 스킵: C:\Users\SAMSUNG\Documents\EMAIL\ADNOC Logistics & Services\RE JOPETWIL 71- Off hire summary - 01 to 06 August 2025-2025-08-08 오후 12_30_09\[External] RE [HVDC_JPT71] Critical Issue – JPT 71 (Urgent Support by 5 Aug) (430KB).msg
2025-10-03 15:21:43,126 - INFO - Outlook 파일 스킵: C:\Users\SAMSUNG\Documents\EMAIL\ADNOC Logistics & Services\RE JOPETWIL 71- Off hire summary - 01 to 06 August 2025-2025-08-11 오전 11_34_18\[External] RE [HVDC_JPT71] Critical Issue – JPT 71 (Urgent Support by 5 Aug) (430KB).msg
2025-10-03 15:21:43,449 - INFO - Outlook 파일 스킵: C:\Users\SAMSUNG\Documents\EMAIL\ADNOC Logistics & Services\RE SAMSUNG C&T CORPORATION.OVERDUE PAYMENTS.-2025-03-05 오후 4_36_58\E-invoice Submission (12.9MB).msg
2025-10-03 15:21:43,469 - INFO - Outlook 파일 스킵: C:\Users\SAMSUNG\Documents\EMAIL\ADNOC Logistics & Services\RE SAMSUNG C&T CORPORATION.OVERDUE PAYMENTS.-2025-03-05 오후 4_38_51\E-invoice Submission (11.5MB).msg
2025-10-03 15:21:43,490 - INFO - Outlook 파일 스킵: C:\Users\SAMSUNG\Documents\EMAIL\ADNOC Logistics & Services\RE SAMSUNG C&T CORPORATION.OVERDUE PAYMENTS.-2025-03-05 오후 4_47_52\E-invoice Submission (13.1MB).msg
2025-10-03 15:21:43,512 - INFO - Outlook 파일 스킵: C:\Users\SAMSUNG\Documents\EMAIL\ADNOC Logistics & Services\RE SAMSUNG C&T CORPORATION.OVERDUE PAYMENTS.-2025-03-05 오후 5_45_36\E-invoice Submission (8.09MB).msg
2025-10-03 15:21:43,533 - INFO - Outlook 파일 스킵: C:\Users\SAMSUNG\Documents\EMAIL\ADNOC Logistics & Services\RE SAMSUNG C&T CORPORATION.OVERDUE PAYMENTS.-2025-03-06 오전 11_25_15\E-invoice Submission SAMSUNG C&T CORPORATION (14.4MB).msg
2025-10-03 15:21:43,554 - INFO - Outlook 파일 스킵: C:\Users\SAMSUNG\Documents\EMAIL\ADNOC Logistics & Services\RE SAMSUNG C&T CORPORATION.OVERDUE PAYMENTS.-2025-03-06 오전 11_42_23\E-invoice Submission SAMSUNG C&T CORPORATION (7.08MB).msg
2025-10-03 15:21:43,576 - INFO - Outlook 파일 스킵: C:\Users\SAMSUNG\Documents\EMAIL\ADNOC Logistics & Services\RE SAMSUNG C&T CORPORATION.OVERDUE PAYMENTS.-2025-05-19 오후 3_34_56\[External] RE E-invoice Submission (Invoice 97286783) (1.54MB).msg
2025-10-03 15:21:43,620 - INFO - Outlook 파일 스킵: C:\Users\SAMSUNG\Documents\EMAIL\ADNOC Logistics & Services\RE SAMSUNG C&T CORPORATION.OVERDUE PAYMENTS.-2025-06-02 오후 2_21_58\E-invoice Submission (993KB)-1.msg
2025-10-03 15:21:43,626 - INFO - Outlook 파일 스킵: C:\Users\SAMSUNG\Documents\EMAIL\ADNOC Logistics & Services\RE SAMSUNG C&T CORPORATION.OVERDUE PAYMENTS.-2025-06-02 오후 2_21_58\E-invoice Submission (993KB).msg
2025-10-03 15:21:45,741 - INFO - Outlook 파일 스킵: C:\Users\SAMSUNG\Documents\EMAIL\ADNOC Logistics & Services\RE SAMSUNG PLAN MATERIALS SHIPPING LIST FOR LCT Wardeh - 16th-March-2025-2025-03-17 오전 9_19_03\SITE LOADING MANIFEST FOR LCT WARDEH-1 (502KB).msg
2025-10-03 15:21:46,746 - INFO - Outlook 파일 스킵: C:\Users\SAMSUNG\Documents\EMAIL\ADNOC Logistics & Services\RE SCT-19LT-PJC-LA-002 - Amendment to Transportation Agreement-2025-09-19 오전 9_41_55\RE RE SCT-19LT-PJC-LA-002 - Amendment to Transportation Agreement (246KB).msg
2025-10-03 15:21:51,945 - INFO - 폴더 스캔 중: AGI SITE
2025-10-03 15:21:51,949 - INFO - 폴더 스캔 중: ALTRAD
2025-10-03 15:21:51,952 - INFO - 폴더 스캔 중: CJ
2025-10-03 15:24:10,830 - INFO - 폴더 스캔 중: DAS SITE
2025-10-03 15:24:10,834 - INFO - 폴더 스캔 중: DEURGO
2025-10-03 15:24:39,156 - INFO - Outlook 파일 스킵: C:\Users\SAMSUNG\Documents\EMAIL\DEURGO\DEURGO-FW FW [HVDC-SHU]_CLARIFICATION  [HVDC-ADOPT-SCT-0059] FINAL SHIPPING NOTICE  Cable termination kit 2항차  5001005974일성에이스Hamburg  CNTR.msg
2025-10-03 15:24:39,456 - INFO - Outlook 파일 스킵: C:\Users\SAMSUNG\Documents\EMAIL\DEURGO\DEURGO-RE CO 작성요청 [HVDC-ADOPT-SCT-0094] Cable termination kit 4항차 5001005974일성에이스Busan - BL 요청 건.msg
2025-10-03 15:24:40,226 - INFO - Outlook 파일 스킵: C:\Users\SAMSUNG\Documents\EMAIL\DEURGO\DEURGO-RE RE [HVDC-ADOPT-SCT-0130] Booking OrderMCT(Mulitiple Cable Transit) 스웨덴 발 9-1차5001004422SwedenAir  157-07241776.msg
2025-10-03 15:24:40,865 - INFO - Outlook 파일 스킵: C:\Users\SAMSUNG\Documents\EMAIL\DEURGO\DEURGO-RE RE 합적(0123+0124) 선적안내 [HVDC-ADOPT-SCT-0124] 5000801061  COMMUNICATION & SECURITY SYSTEM지멘스Busan CNTR(1M2H).msg
2025-10-03 15:24:40,945 - INFO - Outlook 파일 스킵: C:\Users\SAMSUNG\Documents\EMAIL\DEURGO\DEURGO-RE Vendor [HVDC-ADOPT-SEI-0022] 5000684244 Subsea FOC Repair JointSumitomoNorway  AIR.msg
2025-10-03 15:24:47,029 - INFO - Outlook 파일 스킵: C:\Users\SAMSUNG\Documents\EMAIL\DEURGO\DEURGO-RE [HVDC-ADOPT-SCT-0104] FINAL SHIPPING NOTICE MCT(Mulitiple Cable Transit) 중국 발 6차_ 5001004422AIR-1.msg
2025-10-03 15:24:47,346 - INFO - Outlook 파일 스킵: C:\Users\SAMSUNG\Documents\EMAIL\DEURGO\DEURGO-RE [HVDC-ADOPT-SCT-0104] FINAL SHIPPING NOTICE MCT(Mulitiple Cable Transit) 중국 발 6차_ 5001004422AIR.msg
2025-10-03 15:24:49,361 - INFO - Outlook 파일 스킵: C:\Users\SAMSUNG\Documents\EMAIL\DEURGO\DEURGO-RE [HVDC-ADOPT-SCT-0131] Booking OrderCable Tray 18항차 5000789074 Incheon - Air_176-13032924_ELA2509004.msg
2025-10-03 15:24:49,759 - INFO - Outlook 파일 스킵: C:\Users\SAMSUNG\Documents\EMAIL\DEURGO\DEURGO-RE [HVDC] Request for  COO- COUNTRY OF ORIGIN-APPROVED DOCUMENT.msg
2025-10-03 15:24:49,793 - INFO - Outlook 파일 스킵: C:\Users\SAMSUNG\Documents\EMAIL\DEURGO\DEURGO-RE [RE]RE RE RE 출고문의 [HVDC-ADOPT-SCT-0126] Booking Order5000801116  Lighting Fixture  China (해상 4차) CNTR-1.msg
2025-10-03 15:24:49,932 - INFO - Outlook 파일 스킵: C:\Users\SAMSUNG\Documents\EMAIL\DEURGO\DEURGO-RE [RE]RE RE RE 출고문의 [HVDC-ADOPT-SCT-0126] Booking Order5000801116  Lighting Fixture  China (해상 4차) CNTR.msg
2025-10-03 15:24:50,340 - INFO - Outlook 파일 스킵: C:\Users\SAMSUNG\Documents\EMAIL\DEURGO\DEURGO-RE 선적안내 [HVDC-ADOPT-SCT-0073] 5000799801  FO cable (5th DRS)엘에스전선Busan  CNTR.msg
2025-10-03 15:24:51,224 - INFO - Outlook 파일 스킵: C:\Users\SAMSUNG\Documents\EMAIL\DEURGO\DEURGO-RE 선적안내 [HVDC-ADOPT-SCT-0094] Cable termination kit 4항차 5001005974일성에이스Busan.msg
2025-10-03 15:24:51,984 - INFO - Outlook 파일 스킵: C:\Users\SAMSUNG\Documents\EMAIL\DEURGO\DEURGO-RE 합적(0094+0095+0096) 선적안내 [HVDC-ADOPT-SCT-0096] 5000801061  COMMUNICATION & SECURITY SYSTEM지멘스Busan  CNTR(1M3H)-1.msg
2025-10-03 15:24:52,060 - INFO - Outlook 파일 스킵: C:\Users\SAMSUNG\Documents\EMAIL\DEURGO\DEURGO-RE 합적(0094+0095+0096) 선적안내 [HVDC-ADOPT-SCT-0096] 5000801061  COMMUNICATION & SECURITY SYSTEM지멘스Busan  CNTR(1M3H).msg
2025-10-03 15:26:19,953 - INFO - 폴더 스캔 중: DSV
2025-10-03 15:26:20,562 - INFO - Outlook 파일 스킵: C:\Users\SAMSUNG\Documents\EMAIL\DSV\ OIL SHPTS  HS CODE URGENT  PRL-O-046-O2(HE-0484) NYTRO 10XN Transformer Oil  CONTAINERS  ANRB48491-2025-09-11 오후 4_30_05\RE TR OIL (HS Code) HE-0471, HE-0472, HE-0473 (4.14MB).msg
2025-10-03 15:26:20,651 - INFO - Outlook 파일 스킵: C:\Users\SAMSUNG\Documents\EMAIL\DSV\ OIL SHPTS  HS CODE URGENT ] PRL-O-046-O1(HE-0483) NYTRO 10XN Transformer Oil  CONTAINERS  ANRB48492-2025-09-11 오후 4_21_12\RE TR OIL (HS Code) HE-0471, HE-0472, HE-0473 (4.14MB).msg
2025-10-03 15:26:22,693 - INFO - Outlook 파일 스킵: C:\Users\SAMSUNG\Documents\EMAIL\DSV\FW SAMSUNG C&T (Draft Invoice) - Import Shipment  April 2025-2025-06-13 오전 8_58_03\RE RE  (URGENT) SAMSUNG C&T (Draft Invoice) - Shipment, Domestic & CL Storage - April- 2025.msg
2025-10-03 15:26:28,779 - INFO - Outlook 파일 스킵: C:\Users\SAMSUNG\Documents\EMAIL\DSV\RE ADT storage charges for SAMSUNG approval  - HVDC-ADOPT-SIM-0056-2025-05-06 오후 3_10_08\ADT storage charges for SAMSUNG approval  - HVDC-ADOPT-SIM-0056 (261KB).msg
2025-10-03 15:26:32,691 - INFO - Outlook 파일 스킵: C:\Users\SAMSUNG\Documents\EMAIL\DSV\RE Draft Inovoice Nov 2024 (CL Storage)-2025-01-08 오후 3_45_53\Draft Inovoice Nov 2024 (855KB).msg
2025-10-03 15:26:32,739 - INFO - Outlook 파일 스킵: C:\Users\SAMSUNG\Documents\EMAIL\DSV\RE Draft Inovoice Nov 2024 (CL Storage)-2025-01-10 오전 8_17_16\Draft Inovoice Nov 2024 (855KB).msg
2025-10-03 15:26:32,787 - INFO - Outlook 파일 스킵: C:\Users\SAMSUNG\Documents\EMAIL\DSV\RE Draft Inovoice Nov 2024 (CL Storage)-2025-01-13 오후 4_00_23\Draft Inovoice Nov 2024 (855KB).msg
2025-10-03 15:26:33,004 - INFO - Outlook 파일 스킵: C:\Users\SAMSUNG\Documents\EMAIL\DSV\RE Draft Inovoice Nov 2024 (MAMMOET LCT Bushra Shipment)-2025-01-21 오후 4_57_37\RE Draft Inovoice Nov 2024 (MAMMOET LCT Bushra Shipment) (3.56MB).msg
2025-10-03 15:26:38,506 - INFO - Outlook 파일 스킵: C:\Users\SAMSUNG\Documents\EMAIL\DSV\RE MONTHLY INVOCIES - HAULER TRANSPOR (JULY)-2025-07-30 오후 8_53_44\RE MONTHLY INVOCIES - HAULER TRANSPOR (JULY) (1.69MB).msg
2025-10-03 15:26:41,050 - INFO - Outlook 파일 스킵: C:\Users\SAMSUNG\Documents\EMAIL\DSV\RE RE MONTHLY INVOCIES - GSS (JULY)-2025-07-31 오전 11_31_03\RE MONTHLY INVOCIES - HAULER TRANSPOR (JULY) (2.96MB).msg
2025-10-03 15:26:45,013 - INFO - Outlook 파일 스킵: C:\Users\SAMSUNG\Documents\EMAIL\DSV\RE RE URGENT![Docu Review] [HVDC-ADOPT-SCT-0099,0100]5000735555Cable Accessory엘에스전선IncheonAir-2025-05-09 오후 5_17_13\RE SAMSUNG SHIPMENT - AWB  No.  607-38341520  ELA2505051  HVDC-ADOP... (1.44MB).msg
2025-10-03 15:26:46,228 - INFO - Outlook 파일 스킵: C:\Users\SAMSUNG\Documents\EMAIL\DSV\RE SAMSUNG C&T  HVDC  (Draft Invoice Submission) - 3PL (May 2025)-2025-07-07 오전 8_57_57\SAMSUNG C&T  HVDC  (Draft Invoice Submission) - 3PL (May 2025) (19.9MB).msg
2025-10-03 15:26:46,281 - INFO - Outlook 파일 스킵: C:\Users\SAMSUNG\Documents\EMAIL\DSV\RE SAMSUNG C&T  HVDC  (Draft Invoice Submission) - 3PL (May 2025)-2025-07-10 오후 4_39_05\SAMSUNG C&T  HVDC  (Draft Invoice Submission) - 3PL (May 2025) (19.9MB).msg
2025-10-03 15:26:46,316 - INFO - Outlook 파일 스킵: C:\Users\SAMSUNG\Documents\EMAIL\DSV\RE SAMSUNG C&T  HVDC  (Draft Invoice Submission) - 3PL (May 2025)-2025-07-11 오후 4_13_38\SAMSUNG C&T  HVDC  (Draft Invoice Submission) - 3PL (May 2025) (19.9MB).msg
2025-10-03 15:26:46,389 - INFO - Outlook 파일 스킵: C:\Users\SAMSUNG\Documents\EMAIL\DSV\RE SAMSUNG C&T  HVDC  (Draft Invoice Submission) - 3PL (May 2025)-2025-07-14 오전 9_33_44\SAMSUNG C&T  HVDC  (Draft Invoice Submission) - 3PL (May 2025) (19.9MB).msg
2025-10-03 15:26:46,425 - INFO - Outlook 파일 스킵: C:\Users\SAMSUNG\Documents\EMAIL\DSV\RE SAMSUNG C&T  HVDC  (Draft Invoice Submission) - 3PL (May 2025)-2025-07-18 오전 10_26_23\SAMSUNG C&T  HVDC  (Draft Invoice Submission) - 3PL (May 2025) (19.9MB).msg
2025-10-03 15:26:46,897 - INFO - Outlook 파일 스킵: C:\Users\SAMSUNG\Documents\EMAIL\DSV\RE SAMSUNG C&T  HVDC  (Draft Invoice Submission) - 3PL (May 2025)-2025-07-23 오전 10_33_28\[HVDC-DAS] Delivery Instruction - HE Outdoor Box (146KB).msg
2025-10-03 15:26:49,819 - INFO - Outlook 파일 스킵: C:\Users\SAMSUNG\Documents\EMAIL\DSV\RE SAMSUNG C&T (Draft Invoice) - Import Shipment  April 2025-2025-06-12 오후 4_50_17\RE SAMSUNG C&T (Draft Invoice) - Import Shipment  April 2025 (615KB).msg
2025-10-03 15:26:49,849 - INFO - Outlook 파일 스킵: C:\Users\SAMSUNG\Documents\EMAIL\DSV\RE SAMSUNG C&T (Draft Invoice) - Import Shipment  April 2025-2025-06-13 오전 8_45_35\RE SAMSUNG C&T (Draft Invoice) - Import Shipment  April 2025 (615KB).msg
2025-10-03 15:26:50,294 - INFO - Outlook 파일 스킵: C:\Users\SAMSUNG\Documents\EMAIL\DSV\RE SAMSUNG C&T (Draft Invoice) - Import Shipment  January 2025-2025-03-12 오전 8_48_21\RE SAMSUNG C&T (Draft Invoice) - Domestic Delivery  January 2025 (1.16MB).msg
2025-10-03 15:26:50,309 - INFO - Outlook 파일 스킵: C:\Users\SAMSUNG\Documents\EMAIL\DSV\RE SAMSUNG C&T (Draft Invoice) - Import Shipment  January 2025-2025-03-12 오전 8_48_21\RE SAMSUNG C&T (Draft Invoice) - Import Shipment  January 2025 (1.23MB).msg
2025-10-03 15:26:51,890 - INFO - Outlook 파일 스킵: C:\Users\SAMSUNG\Documents\EMAIL\DSV\RE SAMSUNG DG SHIPMENTS - AAA STORAGE SAMF0009950 -2025-02-07 오전 11_51_11\SAMSUNG DG SHIPMENTS - AAA STORAGE  (534KB).msg
2025-10-03 15:26:51,946 - INFO - Outlook 파일 스킵: C:\Users\SAMSUNG\Documents\EMAIL\DSV\RE SAMSUNG DG SHIPMENTS - AAA STORAGE SAMF0009950 -2025-02-10 오전 8_43_06\SAMSUNG DG SHIPMENTS - AAA STORAGE  (534KB).msg
2025-10-03 15:26:55,096 - INFO - Outlook 파일 스킵: C:\Users\SAMSUNG\Documents\EMAIL\DSV\RE VENDOR INVOCE  GLOBAL SOURCING SOLUTIONS GT LLC  WAREHOUSE CHARGES (JUNE)-2025-08-28 오후 2_31_58\RE RE MONTHLY INVOCIES - GSS  (JULY) (513KB).msg
2025-10-03 15:27:03,284 - INFO - Outlook 파일 스킵: C:\Users\SAMSUNG\Documents\EMAIL\DSV\RE [CUSTOMS] PRL-SHU-065-A (HE-0401) Control Equipment  AIR FREIGHT  GOT50300245-2025-06-11 오전 10_42_46\[Docu.Review] PRL-DAS-021-A1 (HE-0401)   AIR FREIGHT  GOT50300246 (801KB).msg
2025-10-03 15:27:09,872 - INFO - Outlook 파일 스킵: C:\Users\SAMSUNG\Documents\EMAIL\DSV\RE [Custom] HVDC ADOPT SIM 0088  CVT S0162024R0-2025-07-24 오전 10_42_55\RE 71611827502 (47.4KB).msg
2025-10-03 15:27:09,897 - INFO - Outlook 파일 스킵: C:\Users\SAMSUNG\Documents\EMAIL\DSV\RE [Custom] HVDC ADOPT SIM 0088  CVT S0162024R0-2025-07-24 오전 10_42_58\RE 71611827502 (47.4KB).msg
2025-10-03 15:27:10,179 - INFO - Outlook 파일 스킵: C:\Users\SAMSUNG\Documents\EMAIL\DSV\RE [Custom] HVDC ADOPT SIM 0088  CVT S0162024R0-2025-07-28 오전 10_45_12\제목 없는 첨부 파일 00536.eml (6.63MB).msg
2025-10-03 15:27:10,206 - INFO - Outlook 파일 스킵: C:\Users\SAMSUNG\Documents\EMAIL\DSV\RE [Custom] HVDC ADOPT SIM 0088  CVT S0162024R0-2025-07-28 오전 10_45_16\제목 없는 첨부 파일 00543.eml (6.63MB).msg
2025-10-03 15:27:15,965 - INFO - Outlook 파일 스킵: C:\Users\SAMSUNG\Documents\EMAIL\DSV\RE [Custom] [HVDC-ADOPT-SCT-0127] FINAL SHIPPING NOTICE 5001004422MCT(Mulitiple Cable Transit) 중국 발 7차_CNTR-2025-09-15 오전 11_47_11\RE Custom Hold - Requesting to release  (1.41MB).msg
2025-10-03 15:27:15,975 - INFO - Outlook 파일 스킵: C:\Users\SAMSUNG\Documents\EMAIL\DSV\RE [Custom] [HVDC-ADOPT-SCT-0127] FINAL SHIPPING NOTICE 5001004422MCT(Mulitiple Cable Transit) 중국 발 7차_CNTR-2025-09-15 오전 11_47_11\RE Custom Hold - Requesting to release  (243KB).msg
2025-10-03 15:27:16,023 - INFO - Outlook 파일 스킵: C:\Users\SAMSUNG\Documents\EMAIL\DSV\RE [Custom] [HVDC-ADOPT-SCT-0127] FINAL SHIPPING NOTICE 5001004422MCT(Mulitiple Cable Transit) 중국 발 7차_CNTR-2025-09-15 오전 11_47_13\RE Custom Hold - Requesting to release  (1.41MB).msg
2025-10-03 15:27:16,032 - INFO - Outlook 파일 스킵: C:\Users\SAMSUNG\Documents\EMAIL\DSV\RE [Custom] [HVDC-ADOPT-SCT-0127] FINAL SHIPPING NOTICE 5001004422MCT(Mulitiple Cable Transit) 중국 발 7차_CNTR-2025-09-15 오전 11_47_13\RE Custom Hold - Requesting to release  (243KB).msg
2025-10-03 15:27:34,060 - INFO - Outlook 파일 스킵: C:\Users\SAMSUNG\Documents\EMAIL\DSV\RE [HVDC-ADOPT-SCT-0107]  Repair Estimate- HDMU2874938  DSV Solutions PJSC -2025-08-22 오전 9_51_32\RE Repair Estimate- HDMU2874938  DSV Solutions PJSC  (2.36MB).msg
2025-10-03 15:27:34,070 - INFO - Outlook 파일 스킵: C:\Users\SAMSUNG\Documents\EMAIL\DSV\RE [HVDC-ADOPT-SCT-0107]  Repair Estimate- HDMU2874938  DSV Solutions PJSC -2025-08-22 오전 9_51_32\RE Repair Estimate- HDMU2874938  DSV Solutions PJSC  (239KB).msg
2025-10-03 15:27:36,332 - INFO - Outlook 파일 스킵: C:\Users\SAMSUNG\Documents\EMAIL\DSV\RE [HVDC-MIR] - DSV -  HVDC-DSV-MOSB-MIR-220- Delivery HE box to MIR 09-Sep-25-2025-09-14 오후 1_12_30\[HVDC-MIR] HVDC-DSV-MIR-xxx - Delivery HE box to MIR (421KB).msg
2025-10-03 15:27:41,207 - INFO - Outlook 파일 스킵: C:\Users\SAMSUNG\Documents\EMAIL\DSV\REBILLING TO SCT  PTW COST  Converter Transformer - Mina Port  MZP-Pressure Monitoring & Dry Air Refilling -003 (07.24.2025)-2025-08-12 오후 7_18_06\RE E-Pass invoice no 30329260 reference (1.60MB).msg
2025-10-03 15:27:43,492 - INFO - Outlook 파일 스킵: C:\Users\SAMSUNG\Documents\EMAIL\DSV\SAMSUNG Vendors payments update(JULY)-2025-08-11 오전 11_55_15\RE MONTHLY INVOCIES - GSS  (JULY) (843KB).msg
2025-10-03 15:27:43,501 - INFO - Outlook 파일 스킵: C:\Users\SAMSUNG\Documents\EMAIL\DSV\SAMSUNG Vendors payments update(JULY)-2025-08-11 오전 11_55_15\RE MONTHLY INVOCIES - HAULER TRANSPOR (JULY) (1.26MB).msg
2025-10-03 15:27:44,612 - INFO - Outlook 파일 스킵: C:\Users\SAMSUNG\Documents\EMAIL\DSV\[HVDC-ADOPT-SCT-0107]  Repair Estimate- HDMU2874938  DSV Solutions PJSC -2025-08-22 오전 9_28_51\RE Repair Estimate- HDMU2874938  DSV Solutions PJSC  (2.36MB).msg
2025-10-03 15:27:46,050 - INFO - 폴더 스캔 중: DSV Jay Manaloto
2025-10-03 15:27:48,935 - INFO - Outlook 파일 스킵: C:\Users\SAMSUNG\Documents\EMAIL\DSV Jay Manaloto\RE [HVDC-MIR] - DSV -  HVDC-DSV-MOSB-MIR-220- Delivery HE box to MIR 09-Sep-25-2025-09-14 오후 1_12_30\[HVDC-MIR] HVDC-DSV-MIR-xxx - Delivery HE box to MIR (421KB).msg
2025-10-03 15:27:49,744 - INFO - 폴더 스캔 중: DSV John
2025-10-03 15:27:57,273 - INFO - Outlook 파일 스킵: C:\Users\SAMSUNG\Documents\EMAIL\DSV John\RE Draft Inovoice Nov 2024 (CL Storage)-2025-01-08 오후 3_45_53\Draft Inovoice Nov 2024 (855KB)-1.msg
2025-10-03 15:27:57,282 - INFO - Outlook 파일 스킵: C:\Users\SAMSUNG\Documents\EMAIL\DSV John\RE Draft Inovoice Nov 2024 (CL Storage)-2025-01-08 오후 3_45_53\Draft Inovoice Nov 2024 (855KB).msg
2025-10-03 15:27:57,377 - INFO - Outlook 파일 스킵: C:\Users\SAMSUNG\Documents\EMAIL\DSV John\RE Draft Inovoice Nov 2024 (CL Storage)-2025-01-10 오전 8_17_16\Draft Inovoice Nov 2024 (855KB)-1.msg
2025-10-03 15:27:57,385 - INFO - Outlook 파일 스킵: C:\Users\SAMSUNG\Documents\EMAIL\DSV John\RE Draft Inovoice Nov 2024 (CL Storage)-2025-01-10 오전 8_17_16\Draft Inovoice Nov 2024 (855KB).msg
2025-10-03 15:27:57,479 - INFO - Outlook 파일 스킵: C:\Users\SAMSUNG\Documents\EMAIL\DSV John\RE Draft Inovoice Nov 2024 (CL Storage)-2025-01-13 오후 4_00_23\Draft Inovoice Nov 2024 (855KB)-1.msg
2025-10-03 15:27:57,487 - INFO - Outlook 파일 스킵: C:\Users\SAMSUNG\Documents\EMAIL\DSV John\RE Draft Inovoice Nov 2024 (CL Storage)-2025-01-13 오후 4_00_23\Draft Inovoice Nov 2024 (855KB).msg
2025-10-03 15:27:57,995 - INFO - Outlook 파일 스킵: C:\Users\SAMSUNG\Documents\EMAIL\DSV John\RE Draft Inovoice Nov 2024 (MAMMOET LCT Bushra Shipment)-2025-01-21 오후 4_57_37\RE Draft Inovoice Nov 2024 (MAMMOET LCT Bushra Shipment) (3.56MB)-1.msg
2025-10-03 15:27:58,006 - INFO - Outlook 파일 스킵: C:\Users\SAMSUNG\Documents\EMAIL\DSV John\RE Draft Inovoice Nov 2024 (MAMMOET LCT Bushra Shipment)-2025-01-21 오후 4_57_37\RE Draft Inovoice Nov 2024 (MAMMOET LCT Bushra Shipment) (3.56MB).msg
2025-10-03 15:28:11,789 - INFO - Outlook 파일 스킵: C:\Users\SAMSUNG\Documents\EMAIL\DSV John\RE SAMSUNG C&T  HVDC  (Draft Invoice Submission) - 3PL (May 2025)-2025-07-07 오전 8_57_57\SAMSUNG C&T  HVDC  (Draft Invoice Submission) - 3PL (May 2025) (19.9MB)-1.msg
2025-10-03 15:28:11,813 - INFO - Outlook 파일 스킵: C:\Users\SAMSUNG\Documents\EMAIL\DSV John\RE SAMSUNG C&T  HVDC  (Draft Invoice Submission) - 3PL (May 2025)-2025-07-07 오전 8_57_57\SAMSUNG C&T  HVDC  (Draft Invoice Submission) - 3PL (May 2025) (19.9MB).msg
2025-10-03 15:28:11,877 - INFO - Outlook 파일 스킵: C:\Users\SAMSUNG\Documents\EMAIL\DSV John\RE SAMSUNG C&T  HVDC  (Draft Invoice Submission) - 3PL (May 2025)-2025-07-10 오후 4_39_05\SAMSUNG C&T  HVDC  (Draft Invoice Submission) - 3PL (May 2025) (19.9MB)-1.msg
2025-10-03 15:28:11,891 - INFO - Outlook 파일 스킵: C:\Users\SAMSUNG\Documents\EMAIL\DSV John\RE SAMSUNG C&T  HVDC  (Draft Invoice Submission) - 3PL (May 2025)-2025-07-10 오후 4_39_05\SAMSUNG C&T  HVDC  (Draft Invoice Submission) - 3PL (May 2025) (19.9MB).msg
2025-10-03 15:28:11,954 - INFO - Outlook 파일 스킵: C:\Users\SAMSUNG\Documents\EMAIL\DSV John\RE SAMSUNG C&T  HVDC  (Draft Invoice Submission) - 3PL (May 2025)-2025-07-11 오후 4_13_38\SAMSUNG C&T  HVDC  (Draft Invoice Submission) - 3PL (May 2025) (19.9MB)-1.msg
2025-10-03 15:28:11,970 - INFO - Outlook 파일 스킵: C:\Users\SAMSUNG\Documents\EMAIL\DSV John\RE SAMSUNG C&T  HVDC  (Draft Invoice Submission) - 3PL (May 2025)-2025-07-11 오후 4_13_38\SAMSUNG C&T  HVDC  (Draft Invoice Submission) - 3PL (May 2025) (19.9MB).msg
2025-10-03 15:28:12,040 - INFO - Outlook 파일 스킵: C:\Users\SAMSUNG\Documents\EMAIL\DSV John\RE SAMSUNG C&T  HVDC  (Draft Invoice Submission) - 3PL (May 2025)-2025-07-14 오전 9_33_44\SAMSUNG C&T  HVDC  (Draft Invoice Submission) - 3PL (May 2025) (19.9MB)-1.msg
2025-10-03 15:28:12,057 - INFO - Outlook 파일 스킵: C:\Users\SAMSUNG\Documents\EMAIL\DSV John\RE SAMSUNG C&T  HVDC  (Draft Invoice Submission) - 3PL (May 2025)-2025-07-14 오전 9_33_44\SAMSUNG C&T  HVDC  (Draft Invoice Submission) - 3PL (May 2025) (19.9MB).msg
2025-10-03 15:28:12,128 - INFO - Outlook 파일 스킵: C:\Users\SAMSUNG\Documents\EMAIL\DSV John\RE SAMSUNG C&T  HVDC  (Draft Invoice Submission) - 3PL (May 2025)-2025-07-18 오전 10_26_23\SAMSUNG C&T  HVDC  (Draft Invoice Submission) - 3PL (May 2025) (19.9MB)-1.msg
2025-10-03 15:28:12,142 - INFO - Outlook 파일 스킵: C:\Users\SAMSUNG\Documents\EMAIL\DSV John\RE SAMSUNG C&T  HVDC  (Draft Invoice Submission) - 3PL (May 2025)-2025-07-18 오전 10_26_23\SAMSUNG C&T  HVDC  (Draft Invoice Submission) - 3PL (May 2025) (19.9MB).msg
2025-10-03 15:28:12,930 - INFO - Outlook 파일 스킵: C:\Users\SAMSUNG\Documents\EMAIL\DSV John\RE SAMSUNG C&T  HVDC  (Draft Invoice Submission) - 3PL (May 2025)-2025-07-23 오전 10_33_28\[HVDC-DAS] Delivery Instruction - HE Outdoor Box (146KB)-1.msg
2025-10-03 15:28:12,944 - INFO - Outlook 파일 스킵: C:\Users\SAMSUNG\Documents\EMAIL\DSV John\RE SAMSUNG C&T  HVDC  (Draft Invoice Submission) - 3PL (May 2025)-2025-07-23 오전 10_33_28\[HVDC-DAS] Delivery Instruction - HE Outdoor Box (146KB).msg
2025-10-03 15:28:18,841 - INFO - Outlook 파일 스킵: C:\Users\SAMSUNG\Documents\EMAIL\DSV John\RE SAMSUNG C&T (Draft Invoice) - Import Shipment  April 2025-2025-06-12 오후 4_50_17\RE SAMSUNG C&T (Draft Invoice) - Import Shipment  April 2025 (615KB)-1.msg
2025-10-03 15:28:18,850 - INFO - Outlook 파일 스킵: C:\Users\SAMSUNG\Documents\EMAIL\DSV John\RE SAMSUNG C&T (Draft Invoice) - Import Shipment  April 2025-2025-06-12 오후 4_50_17\RE SAMSUNG C&T (Draft Invoice) - Import Shipment  April 2025 (615KB).msg
2025-10-03 15:28:18,892 - INFO - Outlook 파일 스킵: C:\Users\SAMSUNG\Documents\EMAIL\DSV John\RE SAMSUNG C&T (Draft Invoice) - Import Shipment  April 2025-2025-06-13 오전 8_45_35\RE SAMSUNG C&T (Draft Invoice) - Import Shipment  April 2025 (615KB)-1.msg
2025-10-03 15:28:18,899 - INFO - Outlook 파일 스킵: C:\Users\SAMSUNG\Documents\EMAIL\DSV John\RE SAMSUNG C&T (Draft Invoice) - Import Shipment  April 2025-2025-06-13 오전 8_45_35\RE SAMSUNG C&T (Draft Invoice) - Import Shipment  April 2025 (615KB).msg
2025-10-03 15:28:19,551 - INFO - Outlook 파일 스킵: C:\Users\SAMSUNG\Documents\EMAIL\DSV John\RE SAMSUNG C&T (Draft Invoice) - Import Shipment  January 2025-2025-03-12 오전 8_48_21\RE SAMSUNG C&T (Draft Invoice) - Domestic Delivery  January 2025 (1.16MB)-1.msg
2025-10-03 15:28:19,566 - INFO - Outlook 파일 스킵: C:\Users\SAMSUNG\Documents\EMAIL\DSV John\RE SAMSUNG C&T (Draft Invoice) - Import Shipment  January 2025-2025-03-12 오전 8_48_21\RE SAMSUNG C&T (Draft Invoice) - Domestic Delivery  January 2025 (1.16MB).msg
2025-10-03 15:28:19,580 - INFO - Outlook 파일 스킵: C:\Users\SAMSUNG\Documents\EMAIL\DSV John\RE SAMSUNG C&T (Draft Invoice) - Import Shipment  January 2025-2025-03-12 오전 8_48_21\RE SAMSUNG C&T (Draft Invoice) - Import Shipment  January 2025 (1.23MB)-1.msg
2025-10-03 15:28:19,593 - INFO - Outlook 파일 스킵: C:\Users\SAMSUNG\Documents\EMAIL\DSV John\RE SAMSUNG C&T (Draft Invoice) - Import Shipment  January 2025-2025-03-12 오전 8_48_21\RE SAMSUNG C&T (Draft Invoice) - Import Shipment  January 2025 (1.23MB).msg
2025-10-03 15:28:21,656 - INFO - Outlook 파일 스킵: C:\Users\SAMSUNG\Documents\EMAIL\DSV John\RE SAMSUNG DG SHIPMENTS - AAA STORAGE SAMF0009950 -2025-02-07 오전 11_51_11\SAMSUNG DG SHIPMENTS - AAA STORAGE  (534KB)-1.msg
2025-10-03 15:28:21,667 - INFO - Outlook 파일 스킵: C:\Users\SAMSUNG\Documents\EMAIL\DSV John\RE SAMSUNG DG SHIPMENTS - AAA STORAGE SAMF0009950 -2025-02-07 오전 11_51_11\SAMSUNG DG SHIPMENTS - AAA STORAGE  (534KB).msg
2025-10-03 15:28:21,844 - INFO - Outlook 파일 스킵: C:\Users\SAMSUNG\Documents\EMAIL\DSV John\RE SAMSUNG DG SHIPMENTS - AAA STORAGE SAMF0009950 -2025-02-10 오전 8_43_06\SAMSUNG DG SHIPMENTS - AAA STORAGE  (534KB)-1.msg
2025-10-03 15:28:21,858 - INFO - Outlook 파일 스킵: C:\Users\SAMSUNG\Documents\EMAIL\DSV John\RE SAMSUNG DG SHIPMENTS - AAA STORAGE SAMF0009950 -2025-02-10 오전 8_43_06\SAMSUNG DG SHIPMENTS - AAA STORAGE  (534KB).msg
2025-10-03 15:29:07,985 - INFO - 폴더 스캔 중: DSV Mark Balingit
2025-10-03 15:29:07,987 - INFO - 폴더 스캔 중: DSV Mean
2025-10-03 15:29:07,990 - INFO - 폴더 스캔 중: DSV MINHAJ
2025-10-03 15:29:08,101 - INFO - Outlook 파일 스킵: C:\Users\SAMSUNG\Documents\EMAIL\DSV MINHAJ\ OIL SHPTS  HS CODE URGENT  PRL-O-046-O2(HE-0484) NYTRO 10XN Transformer Oil  CONTAINERS  ANRB48491-2025-09-11 오후 4_30_05\RE TR OIL (HS Code) HE-0471, HE-0472, HE-0473 (4.14MB).msg
2025-10-03 15:29:08,149 - INFO - Outlook 파일 스킵: C:\Users\SAMSUNG\Documents\EMAIL\DSV MINHAJ\ OIL SHPTS  HS CODE URGENT ] PRL-O-046-O1(HE-0483) NYTRO 10XN Transformer Oil  CONTAINERS  ANRB48492-2025-09-11 오후 4_21_12\RE TR OIL (HS Code) HE-0471, HE-0472, HE-0473 (4.14MB).msg
2025-10-03 15:29:14,455 - INFO - Outlook 파일 스킵: C:\Users\SAMSUNG\Documents\EMAIL\DSV MINHAJ\RE MONTHLY INVOCIES - HAULER TRANSPOR (JULY)-2025-07-30 오후 8_53_44\RE MONTHLY INVOCIES - HAULER TRANSPOR (JULY) (1.69MB).msg
2025-10-03 15:29:16,103 - INFO - Outlook 파일 스킵: C:\Users\SAMSUNG\Documents\EMAIL\DSV MINHAJ\RE RE MONTHLY INVOCIES - GSS (JULY)-2025-07-31 오전 11_31_03\RE MONTHLY INVOCIES - HAULER TRANSPOR (JULY) (2.96MB).msg
2025-10-03 15:29:18,062 - INFO - Outlook 파일 스킵: C:\Users\SAMSUNG\Documents\EMAIL\DSV MINHAJ\RE VENDOR INVOCE  GLOBAL SOURCING SOLUTIONS GT LLC  WAREHOUSE CHARGES (JUNE)-2025-08-28 오후 2_31_58\RE RE MONTHLY INVOCIES - GSS  (JULY) (513KB).msg
2025-10-03 15:29:27,041 - INFO - Outlook 파일 스킵: C:\Users\SAMSUNG\Documents\EMAIL\DSV MINHAJ\RE [Custom] HVDC ADOPT SIM 0088  CVT S0162024R0-2025-07-24 오전 10_42_55\RE 71611827502 (47.4KB).msg
2025-10-03 15:29:27,071 - INFO - Outlook 파일 스킵: C:\Users\SAMSUNG\Documents\EMAIL\DSV MINHAJ\RE [Custom] HVDC ADOPT SIM 0088  CVT S0162024R0-2025-07-24 오전 10_42_58\RE 71611827502 (47.4KB).msg
2025-10-03 15:29:27,254 - INFO - Outlook 파일 스킵: C:\Users\SAMSUNG\Documents\EMAIL\DSV MINHAJ\RE [Custom] HVDC ADOPT SIM 0088  CVT S0162024R0-2025-07-28 오전 10_45_12\제목 없는 첨부 파일 00536.eml (6.63MB).msg
2025-10-03 15:29:27,288 - INFO - Outlook 파일 스킵: C:\Users\SAMSUNG\Documents\EMAIL\DSV MINHAJ\RE [Custom] HVDC ADOPT SIM 0088  CVT S0162024R0-2025-07-28 오전 10_45_16\제목 없는 첨부 파일 00543.eml (6.63MB).msg
2025-10-03 15:29:29,393 - INFO - Outlook 파일 스킵: C:\Users\SAMSUNG\Documents\EMAIL\DSV MINHAJ\RE [Custom] [HVDC-ADOPT-SCT-0127] FINAL SHIPPING NOTICE 5001004422MCT(Mulitiple Cable Transit) 중국 발 7차_CNTR-2025-09-15 오전 11_47_11\RE Custom Hold - Requesting to release  (1.41MB).msg
2025-10-03 15:29:29,406 - INFO - Outlook 파일 스킵: C:\Users\SAMSUNG\Documents\EMAIL\DSV MINHAJ\RE [Custom] [HVDC-ADOPT-SCT-0127] FINAL SHIPPING NOTICE 5001004422MCT(Mulitiple Cable Transit) 중국 발 7차_CNTR-2025-09-15 오전 11_47_11\RE Custom Hold - Requesting to release  (243KB).msg
2025-10-03 15:29:29,474 - INFO - Outlook 파일 스킵: C:\Users\SAMSUNG\Documents\EMAIL\DSV MINHAJ\RE [Custom] [HVDC-ADOPT-SCT-0127] FINAL SHIPPING NOTICE 5001004422MCT(Mulitiple Cable Transit) 중국 발 7차_CNTR-2025-09-15 오전 11_47_13\RE Custom Hold - Requesting to release  (1.41MB).msg
2025-10-03 15:29:29,486 - INFO - Outlook 파일 스킵: C:\Users\SAMSUNG\Documents\EMAIL\DSV MINHAJ\RE [Custom] [HVDC-ADOPT-SCT-0127] FINAL SHIPPING NOTICE 5001004422MCT(Mulitiple Cable Transit) 중국 발 7차_CNTR-2025-09-15 오전 11_47_13\RE Custom Hold - Requesting to release  (243KB).msg
2025-10-03 15:29:32,535 - INFO - Outlook 파일 스킵: C:\Users\SAMSUNG\Documents\EMAIL\DSV MINHAJ\RE [HVDC-ADOPT-SCT-0107]  Repair Estimate- HDMU2874938  DSV Solutions PJSC -2025-08-22 오전 9_51_32\RE Repair Estimate- HDMU2874938  DSV Solutions PJSC  (2.36MB).msg
2025-10-03 15:29:32,547 - INFO - Outlook 파일 스킵: C:\Users\SAMSUNG\Documents\EMAIL\DSV MINHAJ\RE [HVDC-ADOPT-SCT-0107]  Repair Estimate- HDMU2874938  DSV Solutions PJSC -2025-08-22 오전 9_51_32\RE Repair Estimate- HDMU2874938  DSV Solutions PJSC  (239KB).msg
2025-10-03 15:29:33,933 - INFO - Outlook 파일 스킵: C:\Users\SAMSUNG\Documents\EMAIL\DSV MINHAJ\REBILLING TO SCT  PTW COST  Converter Transformer - Mina Port  MZP-Pressure Monitoring & Dry Air Refilling -003 (07.24.2025)-2025-08-12 오후 7_18_06\RE E-Pass invoice no 30329260 reference (1.60MB).msg
2025-10-03 15:29:34,596 - INFO - Outlook 파일 스킵: C:\Users\SAMSUNG\Documents\EMAIL\DSV MINHAJ\SAMSUNG Vendors payments update(JULY)-2025-08-11 오전 11_55_15\RE MONTHLY INVOCIES - GSS  (JULY) (843KB).msg
2025-10-03 15:29:34,609 - INFO - Outlook 파일 스킵: C:\Users\SAMSUNG\Documents\EMAIL\DSV MINHAJ\SAMSUNG Vendors payments update(JULY)-2025-08-11 오전 11_55_15\RE MONTHLY INVOCIES - HAULER TRANSPOR (JULY) (1.26MB).msg
2025-10-03 15:29:35,431 - INFO - Outlook 파일 스킵: C:\Users\SAMSUNG\Documents\EMAIL\DSV MINHAJ\[HVDC-ADOPT-SCT-0107]  Repair Estimate- HDMU2874938  DSV Solutions PJSC -2025-08-22 오전 9_28_51\RE Repair Estimate- HDMU2874938  DSV Solutions PJSC  (2.36MB).msg
2025-10-03 15:29:35,452 - INFO - 폴더 스캔 중: DSV 이정현
2025-10-03 15:29:35,779 - INFO - Outlook 파일 스킵: C:\Users\SAMSUNG\Documents\EMAIL\DSV 이정현\FW SAMSUNG C&T (Draft Invoice) - Import Shipment  April 2025-2025-06-13 오전 8_58_03\RE RE  (URGENT) SAMSUNG C&T (Draft Invoice) - Shipment, Domestic & CL Storage - April- 2025.msg
2025-10-03 15:29:38,049 - INFO - Outlook 파일 스킵: C:\Users\SAMSUNG\Documents\EMAIL\DSV 이정현\RE ADT storage charges for SAMSUNG approval  - HVDC-ADOPT-SIM-0056-2025-05-06 오후 3_10_08\ADT storage charges for SAMSUNG approval  - HVDC-ADOPT-SIM-0056 (261KB).msg
2025-10-03 15:29:40,384 - INFO - Outlook 파일 스킵: C:\Users\SAMSUNG\Documents\EMAIL\DSV 이정현\RE RE URGENT![Docu Review] [HVDC-ADOPT-SCT-0099,0100]5000735555Cable Accessory엘에스전선IncheonAir-2025-05-09 오후 5_17_13\RE SAMSUNG SHIPMENT - AWB  No.  607-38341520  ELA2505051  HVDC-ADOP... (1.44MB).msg
2025-10-03 15:29:44,576 - INFO - Outlook 파일 스킵: C:\Users\SAMSUNG\Documents\EMAIL\DSV 이정현\RE [CUSTOMS] PRL-SHU-065-A (HE-0401) Control Equipment  AIR FREIGHT  GOT50300245-2025-06-11 오전 10_42_46\[Docu.Review] PRL-DAS-021-A1 (HE-0401)   AIR FREIGHT  GOT50300246 (801KB).msg
2025-10-03 15:29:56,362 - INFO - 폴더 스캔 중: ELOGIS GLOBAL LOGISTICS L.L.C
2025-10-03 15:29:56,364 - INFO - 폴더 스캔 중: FALCOR
2025-10-03 15:29:56,367 - INFO - 폴더 스캔 중: Global Maritime Consultancy Ltd
2025-10-03 15:29:56,963 - INFO - 폴더 스캔 중: GULF READY MIX
2025-10-03 15:29:56,965 - INFO - 폴더 스캔 중: HANLIM ENC
2025-10-03 15:30:15,252 - INFO - 폴더 스캔 중: HANMAEK
2025-10-03 15:30:15,254 - INFO - 폴더 스캔 중: HILACO
2025-10-03 15:30:15,258 - INFO - 폴더 스캔 중: HILTI
2025-10-03 15:30:15,261 - INFO - 폴더 스캔 중: HITACHI ENERGY
2025-10-03 15:30:24,768 - INFO - Outlook 파일 스킵: C:\Users\SAMSUNG\Documents\EMAIL\HITACHI ENERGY\RE [HVDC-HE) Over All of Hitachi Shipment Locally Purchased and thru DHL-2025-03-11 오후 3_36_39\FW Material Delivery Status Project Lightning week 10 (1.39MB).msg
2025-10-03 15:30:24,813 - INFO - Outlook 파일 스킵: C:\Users\SAMSUNG\Documents\EMAIL\HITACHI ENERGY\RE [HVDC-HE) Over All of Hitachi Shipment Locally Purchased and thru DHL-2025-03-11 오후 3_36_42\FW Material Delivery Status Project Lightning week 10 (1.39MB).msg
2025-10-03 15:30:24,897 - INFO - Outlook 파일 스킵: C:\Users\SAMSUNG\Documents\EMAIL\HITACHI ENERGY\RE [HVDC] Delay ISO Oil Delivery [MIRFA, IMPORTANT]-2025-08-01 오후 4_45_15\RE [HVDC] Delay ISO Oil Delivery [MIRFA, IMPORTANT] (309KB).msg
2025-10-03 15:30:27,071 - INFO - 폴더 스캔 중: HSE TEAM
2025-10-03 15:30:27,076 - INFO - 폴더 스캔 중: JAN DE NUL
2025-10-03 15:30:27,078 - INFO - 폴더 스캔 중: JO PETWIL 71
2025-10-03 15:31:03,802 - INFO - 폴더 스캔 중: KANO O SHIPPING
2025-10-03 15:31:03,804 - INFO - 폴더 스캔 중: MAMMOET
2025-10-03 15:31:06,442 - INFO - Outlook 파일 스킵: C:\Users\SAMSUNG\Documents\EMAIL\MAMMOET\15111578 - Samsung HVDC  DAS TR Units 1&2 - DPRs and Certificates of Completion-2024-11-21 오후 5_03_56\15111578 - Samsung HVDC  Daily Progress Reports - 02.11 - 03.11 (618KB).msg
2025-10-03 15:31:06,452 - INFO - Outlook 파일 스킵: C:\Users\SAMSUNG\Documents\EMAIL\MAMMOET\15111578 - Samsung HVDC  DAS TR Units 1&2 - DPRs and Certificates of Completion-2024-11-21 오후 5_03_56\15111578 - Samsung HVDC  Daily Progress Reports - 04.11 - 07.11 (787KB).msg
2025-10-03 15:31:07,445 - INFO - Outlook 파일 스킵: C:\Users\SAMSUNG\Documents\EMAIL\MAMMOET\15111578 - Samsung HVDC  Schedule - DAS (MZP), ALG (MZP), MIR-2024-11-11 오후 1_50_09\[HVDC][SHU] Schedule for TR Units 3-4-5-6 (1.55MB).msg
2025-10-03 15:31:24,096 - INFO - 폴더 스캔 중: MIRFA SITE
2025-10-03 15:31:24,097 - INFO - 폴더 스캔 중: OFCO
2025-10-03 15:31:27,733 - INFO - Outlook 파일 스킵: C:\Users\SAMSUNG\Documents\EMAIL\OFCO\RE RE RE [EXTERNAL]RE RE OFCO-INV-0625-066_Samsung C&T-2025-08-22 오전 10_35_11\OFCO-INV-0625-066_Samsung C&T (700KB).msg
2025-10-03 15:31:29,836 - INFO - Outlook 파일 스킵: C:\Users\SAMSUNG\Documents\EMAIL\OFCO\RE [EXTERNAL]PRE-ARRIVAL NOTIFICATION TO MW4 JETTYMUSAFFAH-2024-12-21 오후 6_56_40\[EXTERNAL][HVDC-AGI] JPTW-71  GRM 41th -5mm (800ton) on 23th Dec (129KB).msg
2025-10-03 15:31:54,441 - INFO - Outlook 파일 스킵: C:\Users\SAMSUNG\Documents\EMAIL\OFCO\RE [EXTERNAL][HVDC-JPT71] Mussafah Port   Loading Plan for Wall Panels & HCS (24–25 Apr 2025)-2025-04-23 오후 4_03_29\[EXTERNAL]ePass Safety Induction Video (7.87KB).msg
2025-10-03 15:31:54,453 - INFO - Outlook 파일 스킵: C:\Users\SAMSUNG\Documents\EMAIL\OFCO\RE [EXTERNAL][HVDC-JPT71] Mussafah Port   Loading Plan for Wall Panels & HCS (24–25 Apr 2025)-2025-04-23 오후 4_03_29\[EXTERNAL]ePass Safety Induction Video (7.88KB)-1.msg
2025-10-03 15:31:54,481 - INFO - Outlook 파일 스킵: C:\Users\SAMSUNG\Documents\EMAIL\OFCO\RE [EXTERNAL][HVDC-JPT71] Mussafah Port   Loading Plan for Wall Panels & HCS (24–25 Apr 2025)-2025-04-23 오후 4_03_29\[EXTERNAL]ePass Safety Induction Video (7.88KB).msg
2025-10-03 15:31:54,498 - INFO - Outlook 파일 스킵: C:\Users\SAMSUNG\Documents\EMAIL\OFCO\RE [EXTERNAL][HVDC-JPT71] Mussafah Port   Loading Plan for Wall Panels & HCS (24–25 Apr 2025)-2025-04-23 오후 4_03_29\[EXTERNAL]ePass Safety Induction Video (7.89KB).msg
2025-10-03 15:31:54,512 - INFO - Outlook 파일 스킵: C:\Users\SAMSUNG\Documents\EMAIL\OFCO\RE [EXTERNAL][HVDC-JPT71] Mussafah Port   Loading Plan for Wall Panels & HCS (24–25 Apr 2025)-2025-04-23 오후 4_03_29\[EXTERNAL]ePass Safety Induction Video (7.90KB).msg
2025-10-03 15:31:54,522 - INFO - Outlook 파일 스킵: C:\Users\SAMSUNG\Documents\EMAIL\OFCO\RE [EXTERNAL][HVDC-JPT71] Mussafah Port   Loading Plan for Wall Panels & HCS (24–25 Apr 2025)-2025-04-23 오후 4_03_29\[EXTERNAL]ePass Safety Induction Video (7.91KB).msg
2025-10-03 15:31:54,536 - INFO - Outlook 파일 스킵: C:\Users\SAMSUNG\Documents\EMAIL\OFCO\RE [EXTERNAL][HVDC-JPT71] Mussafah Port   Loading Plan for Wall Panels & HCS (24–25 Apr 2025)-2025-04-23 오후 4_03_29\[EXTERNAL]ePass Safety Induction Video (7.98KB).msg
2025-10-03 15:31:54,721 - INFO - Outlook 파일 스킵: C:\Users\SAMSUNG\Documents\EMAIL\OFCO\RE [EXTERNAL][HVDC-JPT71] Mussafah Port   Loading Plan for Wall Panels & HCS (24–25 Apr 2025)-2025-04-23 오후 4_03_33\[EXTERNAL]ePass Safety Induction Video (7.87KB).msg
2025-10-03 15:31:54,749 - INFO - Outlook 파일 스킵: C:\Users\SAMSUNG\Documents\EMAIL\OFCO\RE [EXTERNAL][HVDC-JPT71] Mussafah Port   Loading Plan for Wall Panels & HCS (24–25 Apr 2025)-2025-04-23 오후 4_03_33\[EXTERNAL]ePass Safety Induction Video (7.88KB)-1.msg
2025-10-03 15:31:54,763 - INFO - Outlook 파일 스킵: C:\Users\SAMSUNG\Documents\EMAIL\OFCO\RE [EXTERNAL][HVDC-JPT71] Mussafah Port   Loading Plan for Wall Panels & HCS (24–25 Apr 2025)-2025-04-23 오후 4_03_33\[EXTERNAL]ePass Safety Induction Video (7.88KB).msg
2025-10-03 15:31:54,775 - INFO - Outlook 파일 스킵: C:\Users\SAMSUNG\Documents\EMAIL\OFCO\RE [EXTERNAL][HVDC-JPT71] Mussafah Port   Loading Plan for Wall Panels & HCS (24–25 Apr 2025)-2025-04-23 오후 4_03_33\[EXTERNAL]ePass Safety Induction Video (7.89KB).msg
2025-10-03 15:31:54,786 - INFO - Outlook 파일 스킵: C:\Users\SAMSUNG\Documents\EMAIL\OFCO\RE [EXTERNAL][HVDC-JPT71] Mussafah Port   Loading Plan for Wall Panels & HCS (24–25 Apr 2025)-2025-04-23 오후 4_03_33\[EXTERNAL]ePass Safety Induction Video (7.90KB).msg
2025-10-03 15:31:54,810 - INFO - Outlook 파일 스킵: C:\Users\SAMSUNG\Documents\EMAIL\OFCO\RE [EXTERNAL][HVDC-JPT71] Mussafah Port   Loading Plan for Wall Panels & HCS (24–25 Apr 2025)-2025-04-23 오후 4_03_33\[EXTERNAL]ePass Safety Induction Video (7.91KB).msg
2025-10-03 15:31:54,821 - INFO - Outlook 파일 스킵: C:\Users\SAMSUNG\Documents\EMAIL\OFCO\RE [EXTERNAL][HVDC-JPT71] Mussafah Port   Loading Plan for Wall Panels & HCS (24–25 Apr 2025)-2025-04-23 오후 4_03_33\[EXTERNAL]ePass Safety Induction Video (7.98KB).msg
2025-10-03 15:32:04,467 - INFO - 폴더 스캔 중: PMO OFFICE
2025-10-03 15:32:04,468 - INFO - 폴더 스캔 중: RSS 피드
2025-10-03 15:32:04,470 - INFO - 폴더 스캔 중: SAMSUNG CIC
2025-10-03 15:32:04,472 - INFO - 폴더 스캔 중: Scan Global Logistics AB
2025-10-03 15:32:05,605 - INFO - 폴더 스캔 중: SIMENSE
2025-10-03 15:32:18,202 - INFO - 폴더 스캔 중: SKY SHIPPING
2025-10-03 15:32:18,204 - INFO - 폴더 스캔 중: SUMITOMO
2025-10-03 15:32:18,753 - INFO - 폴더 스캔 중: United Precast Concrete
2025-10-03 15:32:38,672 - INFO - 폴더 스캔 중: ZENER
